<?xml version="1.0" encoding="UTF-8"?>
<!-- Generated by org.testng.reporters.JUnitXMLReporter -->
<testsuite ignored="0" hostname="IP-MTY-AVALOS" failures="1" tests="1" name="TC003_Admin_AddNewUser" time="1.906" errors="0" timestamp="13 Nov 2021 13:18:12 GMT">
  <testcase classname="com.opensource.admin.qa.TC003_Admin_AddNewUser" name="TC003_Admin_AddNewUser_Script" time="1.877">
    <failure type="org.openqa.selenium.SessionNotCreatedException" message="session not created: This version of ChromeDriver only supports Chrome version 92
Current browser version is 95.0.4638.69 with binary path C:\Program Files (x86)\Google\Chrome\Application\chrome.exe
Build info: version: &amp;apos;3.141.59&amp;apos;, revision: &amp;apos;e82be7d358&amp;apos;, time: &amp;apos;2018-11-14T08:17:03&amp;apos;
System info: host: &amp;apos;IP-MTY-AVALOS&amp;apos;, ip: &amp;apos;192.168.0.4&amp;apos;, os.name: &amp;apos;Windows 10&amp;apos;, os.arch: &amp;apos;amd64&amp;apos;, os.version: &amp;apos;10.0&amp;apos;, java.version: &amp;apos;11.0.10&amp;apos;
Driver info: driver.version: ChromeDriver
remote stacktrace: Backtrace:
	Ordinal0 [0x00735843+2512963]
	Ordinal0 [0x006CEED1+2092753]
	Ordinal0 [0x005D1F48+1056584]
	Ordinal0 [0x005F01AA+1180074]
	Ordinal0 [0x005EC0C5+1163461]
	Ordinal0 [0x005E990F+1153295]
	Ordinal0 [0x0061994F+1349967]
	Ordinal0 [0x006195BA+1349050]
	Ordinal0 [0x006154BB+1332411]
	Ordinal0 [0x005F1D14+1187092]
	Ordinal0 [0x005F2B79+1190777]
	GetHandleVerifier [0x008B0C56+1501718]
	GetHandleVerifier [0x0095E97F+2213695]
	GetHandleVerifier [0x007B8C92+485970]
	GetHandleVerifier [0x007B7D59+482073]
	Ordinal0 [0x006D471D+2115357]
	Ordinal0 [0x006D8678+2131576]
	Ordinal0 [0x006D87B2+2131890]
	Ordinal0 [0x006E1971+2169201]
	BaseThreadInitThunk [0x7681FA29+25]
	RtlGetAppContainerNamedObjectPath [0x77E47A9E+286]
	RtlGetAppContainerNamedObjectPath [0x77E47A6E+238]
">
      <![CDATA[org.openqa.selenium.SessionNotCreatedException: session not created: This version of ChromeDriver only supports Chrome version 92
Current browser version is 95.0.4638.69 with binary path C:\Program Files (x86)\Google\Chrome\Application\chrome.exe
Build info: version: '3.141.59', revision: 'e82be7d358', time: '2018-11-14T08:17:03'
System info: host: 'IP-MTY-AVALOS', ip: '192.168.0.4', os.name: 'Windows 10', os.arch: 'amd64', os.version: '10.0', java.version: '11.0.10'
Driver info: driver.version: ChromeDriver
remote stacktrace: Backtrace:
Ordinal0 [0x00735843+2512963]
Ordinal0 [0x006CEED1+2092753]
Ordinal0 [0x005D1F48+1056584]
Ordinal0 [0x005F01AA+1180074]
Ordinal0 [0x005EC0C5+1163461]
Ordinal0 [0x005E990F+1153295]
Ordinal0 [0x0061994F+1349967]
Ordinal0 [0x006195BA+1349050]
Ordinal0 [0x006154BB+1332411]
Ordinal0 [0x005F1D14+1187092]
Ordinal0 [0x005F2B79+1190777]
GetHandleVerifier [0x008B0C56+1501718]
GetHandleVerifier [0x0095E97F+2213695]
GetHandleVerifier [0x007B8C92+485970]
GetHandleVerifier [0x007B7D59+482073]
Ordinal0 [0x006D471D+2115357]
Ordinal0 [0x006D8678+2131576]
Ordinal0 [0x006D87B2+2131890]
Ordinal0 [0x006E1971+2169201]
BaseThreadInitThunk [0x7681FA29+25]
RtlGetAppContainerNamedObjectPath [0x77E47A9E+286]
RtlGetAppContainerNamedObjectPath [0x77E47A6E+238]

at org.openqa.selenium.remote.W3CHandshakeResponse.lambda$errorHandler$0(W3CHandshakeResponse.java:62)
at org.openqa.selenium.remote.HandshakeResponse.lambda$getResponseFunction$0(HandshakeResponse.java:30)
at org.openqa.selenium.remote.ProtocolHandshake.lambda$createSession$0(ProtocolHandshake.java:126)
at java.base/java.util.stream.ReferencePipeline$3$1.accept(ReferencePipeline.java:195)
at java.base/java.util.Spliterators$ArraySpliterator.tryAdvance(Spliterators.java:958)
at java.base/java.util.stream.ReferencePipeline.forEachWithCancel(ReferencePipeline.java:127)
at java.base/java.util.stream.AbstractPipeline.copyIntoWithCancel(AbstractPipeline.java:502)
at java.base/java.util.stream.AbstractPipeline.copyInto(AbstractPipeline.java:488)
at java.base/java.util.stream.AbstractPipeline.wrapAndCopyInto(AbstractPipeline.java:474)
at java.base/java.util.stream.FindOps$FindOp.evaluateSequential(FindOps.java:150)
at java.base/java.util.stream.AbstractPipeline.evaluate(AbstractPipeline.java:234)
at java.base/java.util.stream.ReferencePipeline.findFirst(ReferencePipeline.java:543)
at org.openqa.selenium.remote.ProtocolHandshake.createSession(ProtocolHandshake.java:128)
at org.openqa.selenium.remote.ProtocolHandshake.createSession(ProtocolHandshake.java:74)
at org.openqa.selenium.remote.HttpCommandExecutor.execute(HttpCommandExecutor.java:136)
at org.openqa.selenium.remote.service.DriverCommandExecutor.execute(DriverCommandExecutor.java:83)
at org.openqa.selenium.remote.RemoteWebDriver.execute(RemoteWebDriver.java:552)
at org.openqa.selenium.remote.RemoteWebDriver.startSession(RemoteWebDriver.java:213)
at org.openqa.selenium.remote.RemoteWebDriver.<init>(RemoteWebDriver.java:131)
at org.openqa.selenium.chrome.ChromeDriver.<init>(ChromeDriver.java:181)
at org.openqa.selenium.chrome.ChromeDriver.<init>(ChromeDriver.java:168)
at org.openqa.selenium.chrome.ChromeDriver.<init>(ChromeDriver.java:123)
at com.opensource.admin.qa.TC003_Admin_AddNewUser.TC003_Admin_AddNewUser_Script(TC003_Admin_AddNewUser.java:36)
at java.base/java.util.concurrent.FutureTask.run(FutureTask.java:264)
at java.base/java.util.concurrent.ThreadPoolExecutor.runWorker(ThreadPoolExecutor.java:1128)
at java.base/java.util.concurrent.ThreadPoolExecutor$Worker.run(ThreadPoolExecutor.java:628)
at java.base/java.lang.Thread.run(Thread.java:834)
... Removed 20 stack frames]]>
    </failure>
  </testcase> <!-- TC003_Admin_AddNewUser_Script -->
</testsuite> <!-- TC003_Admin_AddNewUser -->
